{"table": "customers", "source": "data/input/batch\\2026-02-20\\customers.csv", "event": "loaded", "level": "info", "timestamp": "2026-03-22T22:48:12.071448Z"}
{"table": "drivers", "source": "data/input/batch\\2026-02-20\\drivers.csv", "event": "loaded", "level": "info", "timestamp": "2026-03-22T22:48:12.150805Z"}
{"table": "agents", "source": "data/input/batch\\2026-02-20\\agents.csv", "event": "loaded", "level": "info", "timestamp": "2026-03-22T22:48:12.168558Z"}
{"table": "regions", "source": "data/input/batch\\2026-02-20\\regions.csv", "event": "loaded", "level": "info", "timestamp": "2026-03-22T22:48:12.181254Z"}
{"table": "reasons", "source": "data/input/batch\\2026-02-20\\reasons.csv", "event": "loaded", "level": "info", "timestamp": "2026-03-22T22:48:12.194068Z"}
{"table": "categories", "source": "data/input/batch\\2026-02-20\\categories.csv", "event": "loaded", "level": "info", "timestamp": "2026-03-22T22:48:12.201074Z"}
{"table": "segments", "source": "data/input/batch\\2026-02-20\\segments.csv", "event": "loaded", "level": "info", "timestamp": "2026-03-22T22:48:12.218418Z"}
{"table": "teams", "source": "data/input/batch\\2026-02-20\\teams.csv", "event": "loaded", "level": "info", "timestamp": "2026-03-22T22:48:12.228085Z"}
{"table": "channels", "source": "data/input/batch\\2026-02-20\\channels.csv", "event": "loaded", "level": "info", "timestamp": "2026-03-22T22:48:12.238258Z"}
{"table": "priorities", "source": "data/input/batch\\2026-02-20\\priorities.csv", "event": "loaded", "level": "info", "timestamp": "2026-03-22T22:48:12.249681Z"}
{"table": "reason_categories", "source": "data/input/batch\\2026-02-20\\reason_categories.csv", "event": "loaded", "level": "info", "timestamp": "2026-03-22T22:48:12.261661Z"}
{"table": "restaurants", "source": "data/input/batch\\2026-02-20\\restaurants.json", "event": "loaded", "level": "info", "timestamp": "2026-03-22T22:48:12.273441Z"}
{"table": "cities", "source": "data/input/batch\\2026-02-20\\cities.json", "event": "loaded", "level": "info", "timestamp": "2026-03-22T22:48:12.284005Z"}
{"table": "orders", "source": "data/input/stream\\2026-02-20\\09\\orders.json", "event": "loaded", "level": "info", "timestamp": "2026-03-22T22:48:30.585661Z"}
{"table": "tickets", "source": "data/input/stream\\2026-02-20\\09\\tickets.csv", "event": "loaded", "level": "info", "timestamp": "2026-03-22T22:48:30.633869Z"}
{"table": "ticket_events", "source": "data/input/stream\\2026-02-20\\09\\ticket_events.json", "event": "loaded", "level": "info", "timestamp": "2026-03-22T22:48:30.660045Z"}
{"table": "customers", "source": "data/input/batch\\2026-02-20\\customers.csv", "event": "loaded", "level": "info", "timestamp": "2026-03-22T23:16:49.713695Z"}
{"table": "drivers", "source": "data/input/batch\\2026-02-20\\drivers.csv", "event": "loaded", "level": "info", "timestamp": "2026-03-22T23:16:49.799461Z"}
{"table": "agents", "source": "data/input/batch\\2026-02-20\\agents.csv", "event": "loaded", "level": "info", "timestamp": "2026-03-22T23:16:49.823712Z"}
{"table": "regions", "source": "data/input/batch\\2026-02-20\\regions.csv", "event": "loaded", "level": "info", "timestamp": "2026-03-22T23:16:49.833081Z"}
{"table": "reasons", "source": "data/input/batch\\2026-02-20\\reasons.csv", "event": "loaded", "level": "info", "timestamp": "2026-03-22T23:16:49.849552Z"}
{"table": "categories", "source": "data/input/batch\\2026-02-20\\categories.csv", "event": "loaded", "level": "info", "timestamp": "2026-03-22T23:16:49.883313Z"}
{"table": "segments", "source": "data/input/batch\\2026-02-20\\segments.csv", "event": "loaded", "level": "info", "timestamp": "2026-03-22T23:16:49.899787Z"}
{"table": "teams", "source": "data/input/batch\\2026-02-20\\teams.csv", "event": "loaded", "level": "info", "timestamp": "2026-03-22T23:16:49.921632Z"}
{"table": "channels", "source": "data/input/batch\\2026-02-20\\channels.csv", "event": "loaded", "level": "info", "timestamp": "2026-03-22T23:16:49.926645Z"}
{"table": "priorities", "source": "data/input/batch\\2026-02-20\\priorities.csv", "event": "loaded", "level": "info", "timestamp": "2026-03-22T23:16:49.941476Z"}
{"table": "reason_categories", "source": "data/input/batch\\2026-02-20\\reason_categories.csv", "event": "loaded", "level": "info", "timestamp": "2026-03-22T23:16:49.958265Z"}
{"table": "restaurants", "source": "data/input/batch\\2026-02-20\\restaurants.json", "event": "loaded", "level": "info", "timestamp": "2026-03-22T23:16:49.975841Z"}
{"table": "cities", "source": "data/input/batch\\2026-02-20\\cities.json", "event": "loaded", "level": "info", "timestamp": "2026-03-22T23:16:49.982872Z"}
{"table": "customers", "source": "data/input/batch\\2026-02-20\\customers.csv", "event": "loaded", "level": "info", "timestamp": "2026-03-22T23:21:28.916577Z"}
{"table": "drivers", "source": "data/input/batch\\2026-02-20\\drivers.csv", "event": "loaded", "level": "info", "timestamp": "2026-03-22T23:21:28.971173Z"}
{"table": "agents", "source": "data/input/batch\\2026-02-20\\agents.csv", "event": "loaded", "level": "info", "timestamp": "2026-03-22T23:21:28.996294Z"}
{"table": "regions", "source": "data/input/batch\\2026-02-20\\regions.csv", "event": "loaded", "level": "info", "timestamp": "2026-03-22T23:21:29.003549Z"}
{"table": "reasons", "source": "data/input/batch\\2026-02-20\\reasons.csv", "event": "loaded", "level": "info", "timestamp": "2026-03-22T23:21:29.020296Z"}
{"table": "categories", "source": "data/input/batch\\2026-02-20\\categories.csv", "event": "loaded", "level": "info", "timestamp": "2026-03-22T23:21:29.037308Z"}
{"table": "segments", "source": "data/input/batch\\2026-02-20\\segments.csv", "event": "loaded", "level": "info", "timestamp": "2026-03-22T23:21:29.044438Z"}
{"table": "teams", "source": "data/input/batch\\2026-02-20\\teams.csv", "event": "loaded", "level": "info", "timestamp": "2026-03-22T23:21:29.062355Z"}
{"table": "channels", "source": "data/input/batch\\2026-02-20\\channels.csv", "event": "loaded", "level": "info", "timestamp": "2026-03-22T23:21:29.074267Z"}
{"table": "priorities", "source": "data/input/batch\\2026-02-20\\priorities.csv", "event": "loaded", "level": "info", "timestamp": "2026-03-22T23:21:29.086864Z"}
{"table": "reason_categories", "source": "data/input/batch\\2026-02-20\\reason_categories.csv", "event": "loaded", "level": "info", "timestamp": "2026-03-22T23:21:29.095626Z"}
{"table": "restaurants", "source": "data/input/batch\\2026-02-20\\restaurants.json", "event": "loaded", "level": "info", "timestamp": "2026-03-22T23:21:29.111649Z"}
{"table": "cities", "source": "data/input/batch\\2026-02-20\\cities.json", "event": "loaded", "level": "info", "timestamp": "2026-03-22T23:21:29.123693Z"}
{"table": "customers", "source": "data/input/batch\\2026-02-20\\customers.csv", "event": "loaded", "level": "info", "timestamp": "2026-03-22T23:22:15.678907Z"}
{"table": "drivers", "source": "data/input/batch\\2026-02-20\\drivers.csv", "event": "loaded", "level": "info", "timestamp": "2026-03-22T23:22:15.739789Z"}
{"table": "agents", "source": "data/input/batch\\2026-02-20\\agents.csv", "event": "loaded", "level": "info", "timestamp": "2026-03-22T23:22:15.768848Z"}
{"table": "regions", "source": "data/input/batch\\2026-02-20\\regions.csv", "event": "loaded", "level": "info", "timestamp": "2026-03-22T23:22:15.783087Z"}
{"table": "reasons", "source": "data/input/batch\\2026-02-20\\reasons.csv", "event": "loaded", "level": "info", "timestamp": "2026-03-22T23:22:15.793614Z"}
{"table": "categories", "source": "data/input/batch\\2026-02-20\\categories.csv", "event": "loaded", "level": "info", "timestamp": "2026-03-22T23:22:15.812173Z"}
{"table": "segments", "source": "data/input/batch\\2026-02-20\\segments.csv", "event": "loaded", "level": "info", "timestamp": "2026-03-22T23:22:15.824791Z"}
{"table": "teams", "source": "data/input/batch\\2026-02-20\\teams.csv", "event": "loaded", "level": "info", "timestamp": "2026-03-22T23:22:15.837381Z"}
{"table": "channels", "source": "data/input/batch\\2026-02-20\\channels.csv", "event": "loaded", "level": "info", "timestamp": "2026-03-22T23:22:15.849771Z"}
{"table": "priorities", "source": "data/input/batch\\2026-02-20\\priorities.csv", "event": "loaded", "level": "info", "timestamp": "2026-03-22T23:22:15.862220Z"}
{"table": "reason_categories", "source": "data/input/batch\\2026-02-20\\reason_categories.csv", "event": "loaded", "level": "info", "timestamp": "2026-03-22T23:22:15.876026Z"}
{"table": "restaurants", "source": "data/input/batch\\2026-02-20\\restaurants.json", "event": "loaded", "level": "info", "timestamp": "2026-03-22T23:22:15.881107Z"}
{"table": "cities", "source": "data/input/batch\\2026-02-20\\cities.json", "event": "loaded", "level": "info", "timestamp": "2026-03-22T23:22:15.896452Z"}
{"table": "orders", "source": "data/input/stream\\2026-02-20\\09\\orders.json", "event": "loaded", "level": "info", "timestamp": "2026-03-22T23:22:48.681103Z"}
{"table": "tickets", "source": "data/input/stream\\2026-02-20\\09\\tickets.csv", "event": "loaded", "level": "info", "timestamp": "2026-03-22T23:22:48.739506Z"}
{"table": "ticket_events", "source": "data/input/stream\\2026-02-20\\09\\ticket_events.json", "event": "loaded", "level": "info", "timestamp": "2026-03-22T23:22:48.757107Z"}
